2025-05-08 13:46:36,382 - data_preprocessing - DEBUG - Data loaded properly
2025-05-08 13:46:36,383 - data_preprocessing - DEBUG - Starting preprocessing for DataFrame
2025-05-08 13:46:36,385 - data_preprocessing - DEBUG - Target column encoded
2025-05-08 13:46:36,388 - data_preprocessing - DEBUG - Duplicates removed
2025-05-08 13:46:36,393 - data_preprocessing - ERROR - Error during text normalization: 
**********************************************************************
  Resource [93mpunkt_tab[0m not found.
  Please use the NLTK Downloader to obtain the resource:

  [31m>>> import nltk
  >>> nltk.download('punkt_tab')
  [0m
  For more information see: https://www.nltk.org/data.html

  Attempted to load [93mtokenizers/punkt_tab/english/[0m

  Searched in:
    - 'C:\\Users\\akdhiman/nltk_data'
    - 'E:\\Akash\\AgenticAI\\DVC-Pipeline\\AT-Mlops-Compelete-Pipeline\\denv\\nltk_data'
    - 'E:\\Akash\\AgenticAI\\DVC-Pipeline\\AT-Mlops-Compelete-Pipeline\\denv\\share\\nltk_data'
    - 'E:\\Akash\\AgenticAI\\DVC-Pipeline\\AT-Mlops-Compelete-Pipeline\\denv\\lib\\nltk_data'
    - 'C:\\Users\\akdhiman\\AppData\\Roaming\\nltk_data'
    - 'C:\\nltk_data'
    - 'D:\\nltk_data'
    - 'E:\\nltk_data'
**********************************************************************

2025-05-08 13:46:36,397 - data_preprocessing - ERROR - Failed to complete the data transformation process: 
**********************************************************************
  Resource [93mpunkt_tab[0m not found.
  Please use the NLTK Downloader to obtain the resource:

  [31m>>> import nltk
  >>> nltk.download('punkt_tab')
  [0m
  For more information see: https://www.nltk.org/data.html

  Attempted to load [93mtokenizers/punkt_tab/english/[0m

  Searched in:
    - 'C:\\Users\\akdhiman/nltk_data'
    - 'E:\\Akash\\AgenticAI\\DVC-Pipeline\\AT-Mlops-Compelete-Pipeline\\denv\\nltk_data'
    - 'E:\\Akash\\AgenticAI\\DVC-Pipeline\\AT-Mlops-Compelete-Pipeline\\denv\\share\\nltk_data'
    - 'E:\\Akash\\AgenticAI\\DVC-Pipeline\\AT-Mlops-Compelete-Pipeline\\denv\\lib\\nltk_data'
    - 'C:\\Users\\akdhiman\\AppData\\Roaming\\nltk_data'
    - 'C:\\nltk_data'
    - 'D:\\nltk_data'
    - 'E:\\nltk_data'
**********************************************************************

2025-05-08 13:50:17,308 - data_preprocessing - DEBUG - Data loaded properly
2025-05-08 13:50:17,309 - data_preprocessing - DEBUG - Starting preprocessing for DataFrame
2025-05-08 13:50:17,313 - data_preprocessing - DEBUG - Target column encoded
2025-05-08 13:50:17,320 - data_preprocessing - DEBUG - Duplicates removed
2025-05-08 13:50:17,333 - data_preprocessing - ERROR - Error during text normalization: 
**********************************************************************
  Resource [93mpunkt_tab[0m not found.
  Please use the NLTK Downloader to obtain the resource:

  [31m>>> import nltk
  >>> nltk.download('punkt_tab')
  [0m
  For more information see: https://www.nltk.org/data.html

  Attempted to load [93mtokenizers/punkt_tab/english/[0m

  Searched in:
    - 'C:\\Users\\akdhiman/nltk_data'
    - 'E:\\Akash\\AgenticAI\\DVC-Pipeline\\AT-Mlops-Compelete-Pipeline\\denv\\nltk_data'
    - 'E:\\Akash\\AgenticAI\\DVC-Pipeline\\AT-Mlops-Compelete-Pipeline\\denv\\share\\nltk_data'
    - 'E:\\Akash\\AgenticAI\\DVC-Pipeline\\AT-Mlops-Compelete-Pipeline\\denv\\lib\\nltk_data'
    - 'C:\\Users\\akdhiman\\AppData\\Roaming\\nltk_data'
    - 'C:\\nltk_data'
    - 'D:\\nltk_data'
    - 'E:\\nltk_data'
**********************************************************************

2025-05-08 13:50:17,341 - data_preprocessing - ERROR - Failed to complete the data transformation process: 
**********************************************************************
  Resource [93mpunkt_tab[0m not found.
  Please use the NLTK Downloader to obtain the resource:

  [31m>>> import nltk
  >>> nltk.download('punkt_tab')
  [0m
  For more information see: https://www.nltk.org/data.html

  Attempted to load [93mtokenizers/punkt_tab/english/[0m

  Searched in:
    - 'C:\\Users\\akdhiman/nltk_data'
    - 'E:\\Akash\\AgenticAI\\DVC-Pipeline\\AT-Mlops-Compelete-Pipeline\\denv\\nltk_data'
    - 'E:\\Akash\\AgenticAI\\DVC-Pipeline\\AT-Mlops-Compelete-Pipeline\\denv\\share\\nltk_data'
    - 'E:\\Akash\\AgenticAI\\DVC-Pipeline\\AT-Mlops-Compelete-Pipeline\\denv\\lib\\nltk_data'
    - 'C:\\Users\\akdhiman\\AppData\\Roaming\\nltk_data'
    - 'C:\\nltk_data'
    - 'D:\\nltk_data'
    - 'E:\\nltk_data'
**********************************************************************

2025-05-08 14:48:28,628 - data_preprocessing - DEBUG - Data loaded properly
2025-05-08 14:48:28,629 - data_preprocessing - DEBUG - Starting preprocessing for DataFrame
2025-05-08 14:48:28,631 - data_preprocessing - DEBUG - Target column encoded
2025-05-08 14:48:28,634 - data_preprocessing - DEBUG - Duplicates removed
2025-05-08 14:48:59,457 - data_preprocessing - DEBUG - Text column transformed
2025-05-08 14:48:59,458 - data_preprocessing - DEBUG - Starting preprocessing for DataFrame
2025-05-08 14:48:59,459 - data_preprocessing - DEBUG - Target column encoded
2025-05-08 14:48:59,461 - data_preprocessing - DEBUG - Duplicates removed
2025-05-08 14:49:08,941 - data_preprocessing - DEBUG - Text column transformed
2025-05-08 14:49:08,958 - data_preprocessing - DEBUG - Processed data saved to ./data\interim
